This is LuaHBTeX, Version 1.16.0 (TeX Live 2023)  (format=lualatex 2024.1.18)  6 MAY 2024 22:45
 restricted system commands enabled.
**output.tex
(./output.tex
LaTeX2e <2022-11-01> patch level 1
Lua module: luaotfload 2022-10-03 3.23 Lua based OpenType font support
Lua module: lualibs 2022-10-04 2.75 ConTeXt Lua standard libraries.
Lua module: lualibs-extended 2022-10-04 2.75 ConTeXt Lua libraries -- extended c
ollection.
luaotfload | conf : Root cache directory is "/Users/harrybm/Library/texlive/2023
/texmf-var/luatex-cache/generic/names".
luaotfload | init : Loading fontloader "fontloader-2022-10-03.lua" from kpse-res
olved path "/usr/local/texlive/2023/texmf-dist/tex/luatex/luaotfload/fontloader-
2022-10-03.lua".
Lua-only attribute luaotfload@noligature = 1
luaotfload | init : Context OpenType loader version 3.120
Inserting `luaotfload.node_processor' in `pre_linebreak_filter'.
Inserting `luaotfload.node_processor' in `hpack_filter'.
Inserting `luaotfload.glyph_stream' in `glyph_stream_provider'.
Inserting `luaotfload.define_font' in `define_font'.
Lua-only attribute luaotfload_color_attribute = 2
luaotfload | conf : Root cache directory is "/Users/harrybm/Library/texlive/2023
/texmf-var/luatex-cache/generic/names".
Inserting `luaotfload.harf.strip_prefix' in `find_opentype_file'.
Inserting `luaotfload.harf.strip_prefix' in `find_truetype_file'.
Removing  `luaotfload.glyph_stream' from `glyph_stream_provider'.
Inserting `luaotfload.harf.glyphstream' in `glyph_stream_provider'.
Inserting `luaotfload.harf.finalize_vlist' in `post_linebreak_filter'.
Inserting `luaotfload.harf.finalize_hlist' in `hpack_filter'.
Inserting `luaotfload.cleanup_files' in `wrapup_run'.
Inserting `luaotfload.harf.finalize_unicode' in `finish_pdffile'.
Inserting `luaotfload.glyphinfo' in `glyph_info'.
Lua-only attribute luaotfload.letterspace_done = 3
Inserting `luaotfload.aux.set_sscale_dimens' in `luaotfload.patch_font'.
Inserting `luaotfload.aux.set_font_index' in `luaotfload.patch_font'.
Inserting `luaotfload.aux.patch_cambria_domh' in `luaotfload.patch_font'.
Inserting `luaotfload.aux.fixup_fontdata' in `luaotfload.patch_font_unsafe'.
Inserting `luaotfload.aux.set_capheight' in `luaotfload.patch_font'.
Inserting `luaotfload.aux.set_xheight' in `luaotfload.patch_font'.
Inserting `luaotfload.rewrite_fontname' in `luaotfload.patch_font'. L3 programm
ing layer <2023-02-22>
Inserting `tracingstacklevels' in `input_level_string'.
(/usr/local/texlive/2023/texmf-dist/tex/latex/base/article.cls
Document Class: article 2022/07/02 v1.4n Standard LaTeX document class
(/usr/local/texlive/2023/texmf-dist/tex/latex/base/size12.clo
File: size12.clo 2022/07/02 v1.4n Standard LaTeX file (size option)
luaotfload | db : Font names database loaded from /Users/harrybm/Library/texlive
/2023/texmf-var/luatex-cache/generic/names/luaotfload-names.luc.gz)
\c@part=\count183
\c@section=\count184
\c@subsection=\count185
\c@subsubsection=\count186
\c@paragraph=\count187
\c@subparagraph=\count188
\c@figure=\count189
\c@table=\count190
\abovecaptionskip=\skip48
\belowcaptionskip=\skip49
\bibindent=\dimen139
)
(/usr/local/texlive/2023/texmf-dist/tex/latex/graphics/graphicx.sty
Package: graphicx 2021/09/16 v1.2d Enhanced LaTeX Graphics (DPC,SPQR)

(/usr/local/texlive/2023/texmf-dist/tex/latex/graphics/keyval.sty
Package: keyval 2022/05/29 v1.15 key=value parser (DPC)
\KV@toks@=\toks16
)
(/usr/local/texlive/2023/texmf-dist/tex/latex/graphics/graphics.sty
Package: graphics 2022/03/10 v1.4e Standard LaTeX Graphics (DPC,SPQR)

(/usr/local/texlive/2023/texmf-dist/tex/latex/graphics/trig.sty
Package: trig 2021/08/11 v1.11 sin cos tan (DPC)
)
(/usr/local/texlive/2023/texmf-dist/tex/latex/graphics-cfg/graphics.cfg
File: graphics.cfg 2016/06/04 v1.11 sample graphics configuration
)
Package graphics Info: Driver file: luatex.def on input line 107.

(/usr/local/texlive/2023/texmf-dist/tex/latex/graphics-def/luatex.def
File: luatex.def 2022/09/22 v1.2d Graphics/color driver for luatex
))
\Gin@req@height=\dimen140
\Gin@req@width=\dimen141
)
(/usr/local/texlive/2023/texmf-dist/tex/latex/caption/subcaption.sty
Package: subcaption 2023/02/19 v1.6 Sub-captions (AR)

(/usr/local/texlive/2023/texmf-dist/tex/latex/caption/caption.sty
Package: caption 2023/03/12 v3.6j Customizing captions (AR)

(/usr/local/texlive/2023/texmf-dist/tex/latex/caption/caption3.sty
Package: caption3 2023/03/12 v2.4 caption3 kernel (AR)
\caption@tempdima=\dimen142
\captionmargin=\dimen143
\caption@leftmargin=\dimen144
\caption@rightmargin=\dimen145
\caption@width=\dimen146
\caption@indent=\dimen147
\caption@parindent=\dimen148
\caption@hangindent=\dimen149
Package caption Info: Standard document class detected.
)
\c@caption@flags=\count191
\c@continuedfloat=\count192
)
Package caption Info: New subtype `subfigure' on input line 239.
\c@subfigure=\count193
Package caption Info: New subtype `subtable' on input line 239.
\c@subtable=\count194
)
(/usr/local/texlive/2023/texmf-dist/tex/latex/geometry/geometry.sty
Package: geometry 2020/01/02 v5.9 Page Geometry

(/usr/local/texlive/2023/texmf-dist/tex/generic/iftex/ifvtex.sty
Package: ifvtex 2019/10/25 v1.7 ifvtex legacy package. Use iftex instead.

(/usr/local/texlive/2023/texmf-dist/tex/generic/iftex/iftex.sty
Package: iftex 2022/02/03 v1.0f TeX engine tests
))
\Gm@cnth=\count195
\Gm@cntv=\count196
\c@Gm@tempcnt=\count197
\Gm@bindingoffset=\dimen150
\Gm@wd@mp=\dimen151
\Gm@odd@mp=\dimen152
\Gm@even@mp=\dimen153
\Gm@layoutwidth=\dimen154
\Gm@layoutheight=\dimen155
\Gm@layouthoffset=\dimen156
\Gm@layoutvoffset=\dimen157
\Gm@dimlist=\toks17
)
(/usr/local/texlive/2023/texmf-dist/tex/latex/multirow/multirow.sty
Package: multirow 2021/03/15 v2.8 Span multiple rows of a table
\multirow@colwidth=\skip50
\multirow@cntb=\count198
\multirow@dima=\skip51
\bigstrutjot=\dimen158
)
(/usr/local/texlive/2023/texmf-dist/tex/latex/xcolor/xcolor.sty
Package: xcolor 2022/06/12 v2.14 LaTeX color extensions (UK)

(/usr/local/texlive/2023/texmf-dist/tex/latex/graphics-cfg/color.cfg
File: color.cfg 2016/01/02 v1.6 sample color configuration
)
Package xcolor Info: Driver file: luatex.def on input line 227.

(/usr/local/texlive/2023/texmf-dist/tex/latex/graphics/mathcolor.ltx)
Package xcolor Info: Model `cmy' substituted by `cmy0' on input line 1353.
Package xcolor Info: Model `hsb' substituted by `rgb' on input line 1357.
Package xcolor Info: Model `RGB' extended on input line 1369.
Package xcolor Info: Model `HTML' substituted by `rgb' on input line 1371.
Package xcolor Info: Model `Hsb' substituted by `hsb' on input line 1372.
Package xcolor Info: Model `tHsb' substituted by `hsb' on input line 1373.
Package xcolor Info: Model `HSB' substituted by `hsb' on input line 1374.
Package xcolor Info: Model `Gray' substituted by `gray' on input line 1375.
Package xcolor Info: Model `wave' substituted by `hsb' on input line 1376.
)
(/usr/local/texlive/2023/texmf-dist/tex/latex/fontspec/fontspec.sty
(/usr/local/texlive/2023/texmf-dist/tex/latex/l3packages/xparse/xparse.sty
(/usr/local/texlive/2023/texmf-dist/tex/latex/l3kernel/expl3.sty
Package: expl3 2023-02-22 L3 programming layer (loader) 

(/usr/local/texlive/2023/texmf-dist/tex/latex/l3backend/l3backend-luatex.def
File: l3backend-luatex.def 2023-01-16 L3 backend support: PDF output (LuaTeX)
\l__color_backend_stack_int=\count199
\l__pdf_internal_box=\box51
))
Package: xparse 2023-02-02 L3 Experimental document command parser
)
Package: fontspec 2022/01/15 v2.8a Font selection for XeLaTeX and LuaLaTeX
Lua module: fontspec 2022/01/15 2.8a Font selection for XeLaTeX and LuaLaTeX (/
usr/local/texlive/2023/texmf-dist/tex/latex/fontspec/fontspec-luatex.sty
Package: fontspec-luatex 2022/01/15 v2.8a Font selection for XeLaTeX and LuaLaT
eX
\l__fontspec_script_int=\count266
\l__fontspec_language_int=\count267
\l__fontspec_strnum_int=\count268
\l__fontspec_tmp_int=\count269
\l__fontspec_tmpa_int=\count270
\l__fontspec_tmpb_int=\count271
\l__fontspec_tmpc_int=\count272
\l__fontspec_em_int=\count273
\l__fontspec_emdef_int=\count274
\l__fontspec_strong_int=\count275
\l__fontspec_strongdef_int=\count276
\l__fontspec_tmpa_dim=\dimen159
\l__fontspec_tmpb_dim=\dimen160
\l__fontspec_tmpc_dim=\dimen161

(/usr/local/texlive/2023/texmf-dist/tex/latex/base/fontenc.sty
Package: fontenc 2021/04/29 v2.0v Standard LaTeX package
)
(/usr/local/texlive/2023/texmf-dist/tex/latex/fontspec/fontspec.cfg)))
luaotfload | cache : Lookup cache loaded from /Users/harrybm/Library/texlive/202
3/texmf-var/luatex-cache/generic/names/luaotfload-lookup-cache.luc.

Package fontspec Info: Could not resolve font "Tahoma/BI" (it probably doesn't
(fontspec)             exist).


Package fontspec Info: Could not resolve font "Tahoma/I" (it probably doesn't
(fontspec)             exist).

luaotfload | aux : font no 21 (nil) does not define feature smcp for script latn
 with language dflt
luaotfload | aux : font no 22 (nil) does not define feature smcp for script latn
 with language dflt

Package fontspec Info: Font family 'Tahoma(0)' created for font 'Tahoma' with
(fontspec)             options [Ligatures=TeX].
(fontspec)              
(fontspec)              This font family consists of the following NFSS
(fontspec)             series/shapes:
(fontspec)              
(fontspec)             - 'normal' (m/n) with NFSS spec.:
(fontspec)             <->"Tahoma:mode=node;script=latn;language=dflt;+tlig;"
(fontspec)             - 'small caps'  (m/sc) with NFSS spec.: 
(fontspec)             - 'bold' (b/n) with NFSS spec.:
(fontspec)             <->"Tahoma/B:mode=node;script=latn;language=dflt;+tlig;"

(fontspec)             - 'bold small caps'  (b/sc) with NFSS spec.: 


(/usr/local/texlive/2023/texmf-dist/tex/latex/base/inputenc.sty
Package: inputenc 2021/02/14 v1.3d Input encoding file
\inpenc@prehook=\toks18
\inpenc@posthook=\toks19


Package inputenc Warning: inputenc package ignored with utf8 based engines.

)
No file output.aux.

\openout1 = output.aux
LaTeX Font Info:    Checking defaults for OML/cmm/m/it on input line 17.
LaTeX Font Info:    ... okay on input line 17.
LaTeX Font Info:    Checking defaults for OMS/cmsy/m/n on input line 17.
LaTeX Font Info:    ... okay on input line 17.
LaTeX Font Info:    Checking defaults for OT1/cmr/m/n on input line 17.
LaTeX Font Info:    ... okay on input line 17.
LaTeX Font Info:    Checking defaults for T1/cmr/m/n on input line 17.
LaTeX Font Info:    ... okay on input line 17.
LaTeX Font Info:    Checking defaults for TS1/cmr/m/n on input line 17.
LaTeX Font Info:    Trying to load font information for TS1+cmr on input line 1
7.
(/usr/local/texlive/2023/texmf-dist/tex/latex/base/ts1cmr.fd
File: ts1cmr.fd 2022/07/10 v2.5l Standard LaTeX font definitions
)
LaTeX Font Info:    ... okay on input line 17.
LaTeX Font Info:    Checking defaults for TU/lmr/m/n on input line 17.
LaTeX Font Info:    ... okay on input line 17.
LaTeX Font Info:    Checking defaults for OMX/cmex/m/n on input line 17.
LaTeX Font Info:    ... okay on input line 17.
LaTeX Font Info:    Checking defaults for U/cmr/m/n on input line 17.
LaTeX Font Info:    ... okay on input line 17.
(/usr/local/texlive/2023/texmf-dist/tex/context/base/mkii/supp-pdf.mkii
[Loading MPS to PDF converter (version 2006.09.02).]
\scratchcounter=\count277
\scratchdimen=\dimen162
\scratchbox=\box52
\nofMPsegments=\count278
\nofMParguments=\count279
\everyMPshowfont=\toks20
\MPscratchCnt=\count280
\MPscratchDim=\dimen163
\MPnumerator=\count281
\makeMPintoPDFobject=\count282
\everyMPtoPDFconversion=\toks21
) (/usr/local/texlive/2023/texmf-dist/tex/latex/epstopdf-pkg/epstopdf-base.sty
Package: epstopdf-base 2020-01-24 v2.11 Base part for package epstopdf
(/usr/local/texlive/2023/texmf-dist/tex/generic/infwarerr/infwarerr.sty
Package: infwarerr 2019/12/03 v1.5 Providing info/warning/error messages (HO)
) (/usr/local/texlive/2023/texmf-dist/tex/latex/grfext/grfext.sty
Package: grfext 2019/12/03 v1.3 Manage graphics extensions (HO)
(/usr/local/texlive/2023/texmf-dist/tex/generic/kvdefinekeys/kvdefinekeys.sty
Package: kvdefinekeys 2019-12-19 v1.6 Define keys (HO)
)) (/usr/local/texlive/2023/texmf-dist/tex/latex/kvoptions/kvoptions.sty
Package: kvoptions 2022-06-15 v3.15 Key value format for package options (HO)
(/usr/local/texlive/2023/texmf-dist/tex/generic/ltxcmds/ltxcmds.sty
Package: ltxcmds 2020-05-10 v1.25 LaTeX kernel commands for general use (HO)
) (/usr/local/texlive/2023/texmf-dist/tex/latex/kvsetkeys/kvsetkeys.sty
Package: kvsetkeys 2022-10-05 v1.19 Key value parser (HO)
)) (/usr/local/texlive/2023/texmf-dist/tex/generic/pdftexcmds/pdftexcmds.sty
Package: pdftexcmds 2020-06-27 v0.33 Utility functions of pdfTeX for LuaTeX (HO
)
Package pdftexcmds Info: \pdf@primitive is available.
Package pdftexcmds Info: \pdf@ifprimitive is available.
Package pdftexcmds Info: \pdfdraftmode found.
\pdftexcmds@toks=\toks22
)
Package epstopdf-base Info: Redefining graphics rule for `.eps' on input line 4
85.
Package grfext Info: Graphics extension search list:
(grfext)             [.pdf,.png,.jpg,.mps,.jpeg,.jbig2,.jb2,.PDF,.PNG,.JPG,.JPE
G,.JBIG2,.JB2,.eps]
(grfext)             \AppendGraphicsExtensions on input line 504.
(/usr/local/texlive/2023/texmf-dist/tex/latex/latexconfig/epstopdf-sys.cfg
File: epstopdf-sys.cfg 2010/07/13 v1.3 Configuration of (r)epstopdf for TeX Liv
e
))
Package caption Info: Begin \AtBeginDocument code.
Package caption Info: End \AtBeginDocument code.
*geometry* driver: auto-detecting
*geometry* detected driver: luatex
*geometry* verbose mode - [ preamble ] result:
* driver: luatex
* paper: a4paper
* layout: <same size as paper>
* layoutoffset:(h,v)=(0.0pt,0.0pt)
* modes: 
* h-part:(L,W,R)=(28.45274pt, 540.60239pt, 28.45274pt)
* v-part:(T,H,B)=(14.22636pt, 816.59412pt, 14.22636pt)
* \paperwidth=597.50787pt
* \paperheight=845.04684pt
* \textwidth=540.60239pt
* \textheight=816.59412pt
* \oddsidemargin=-43.81725pt
* \evensidemargin=-43.81725pt
* \topmargin=-95.04362pt
* \headheight=12.0pt
* \headsep=25.0pt
* \topskip=12.0pt
* \footskip=30.0pt
* \marginparwidth=44.0pt
* \marginparsep=10.0pt
* \columnsep=10.0pt
* \skip\footins=10.8pt plus 4.0pt minus 2.0pt
* \hoffset=0.0pt
* \voffset=0.0pt
* \mag=1000
* \@twocolumnfalse
* \@twosidefalse
* \@mparswitchfalse
* \@reversemarginfalse
* (1in=72.27pt=25.4mm, 1cm=28.453pt)


Package fontspec Info: Adjusting the maths setup (use [no-math] to avoid
(fontspec)             this).

\symlegacymaths=\mathgroup4
LaTeX Font Info:    Overwriting symbol font `legacymaths' in version `bold'
(Font)                  OT1/cmr/m/n --> OT1/cmr/bx/n on input line 17.
LaTeX Font Info:    Redeclaring math accent \acute on input line 17.
LaTeX Font Info:    Redeclaring math accent \grave on input line 17.
LaTeX Font Info:    Redeclaring math accent \ddot on input line 17.
LaTeX Font Info:    Redeclaring math accent \tilde on input line 17.
LaTeX Font Info:    Redeclaring math accent \bar on input line 17.
LaTeX Font Info:    Redeclaring math accent \breve on input line 17.
LaTeX Font Info:    Redeclaring math accent \check on input line 17.
LaTeX Font Info:    Redeclaring math accent \hat on input line 17.
LaTeX Font Info:    Redeclaring math accent \dot on input line 17.
LaTeX Font Info:    Redeclaring math accent \mathring on input line 17.
LaTeX Font Info:    Redeclaring math symbol \colon on input line 17.
LaTeX Font Info:    Redeclaring math symbol \Gamma on input line 17.
LaTeX Font Info:    Redeclaring math symbol \Delta on input line 17.
LaTeX Font Info:    Redeclaring math symbol \Theta on input line 17.
LaTeX Font Info:    Redeclaring math symbol \Lambda on input line 17.
LaTeX Font Info:    Redeclaring math symbol \Xi on input line 17.
LaTeX Font Info:    Redeclaring math symbol \Pi on input line 17.
LaTeX Font Info:    Redeclaring math symbol \Sigma on input line 17.
LaTeX Font Info:    Redeclaring math symbol \Upsilon on input line 17.
LaTeX Font Info:    Redeclaring math symbol \Phi on input line 17.
LaTeX Font Info:    Redeclaring math symbol \Psi on input line 17.
LaTeX Font Info:    Redeclaring math symbol \Omega on input line 17.
LaTeX Font Info:    Redeclaring math symbol \mathdollar on input line 17.
LaTeX Font Info:    Redeclaring symbol font `operators' on input line 17.
LaTeX Font Info:    Encoding `OT1' has changed to `TU' for symbol font
(Font)              `operators' in the math version `normal' on input line 17.
LaTeX Font Info:    Overwriting symbol font `operators' in version `normal'
(Font)                  OT1/cmr/m/n --> TU/Tahoma(0)/m/n on input line 17.
LaTeX Font Info:    Encoding `OT1' has changed to `TU' for symbol font
(Font)              `operators' in the math version `bold' on input line 17.
LaTeX Font Info:    Overwriting symbol font `operators' in version `bold'
(Font)                  OT1/cmr/bx/n --> TU/Tahoma(0)/m/n on input line 17.
LaTeX Font Info:    Overwriting symbol font `operators' in version `normal'
(Font)                  TU/Tahoma(0)/m/n --> TU/Tahoma(0)/m/n on input line 17.

LaTeX Font Info:    Overwriting math alphabet `\mathit' in version `normal'
(Font)                  OT1/cmr/m/it --> TU/Tahoma(0)/m/it on input line 17.
LaTeX Font Info:    Overwriting math alphabet `\mathbf' in version `normal'
(Font)                  OT1/cmr/bx/n --> TU/Tahoma(0)/b/n on input line 17.
LaTeX Font Info:    Overwriting math alphabet `\mathsf' in version `normal'
(Font)                  OT1/cmss/m/n --> TU/lmss/m/n on input line 17.
LaTeX Font Info:    Overwriting math alphabet `\mathtt' in version `normal'
(Font)                  OT1/cmtt/m/n --> TU/lmtt/m/n on input line 17.
LaTeX Font Info:    Overwriting symbol font `operators' in version `bold'
(Font)                  TU/Tahoma(0)/m/n --> TU/Tahoma(0)/b/n on input line 17.

LaTeX Font Info:    Overwriting math alphabet `\mathit' in version `bold'
(Font)                  OT1/cmr/bx/it --> TU/Tahoma(0)/b/it on input line 17.
LaTeX Font Info:    Overwriting math alphabet `\mathsf' in version `bold'
(Font)                  OT1/cmss/bx/n --> TU/lmss/b/n on input line 17.
LaTeX Font Info:    Overwriting math alphabet `\mathtt' in version `bold'
(Font)                  OT1/cmtt/m/n --> TU/lmtt/b/n on input line 17.
<photos/1.png, id=1, 1284.8pt x 963.6pt>
File: photos/1.png Graphic file (type png)
<use photos/1.png>
Package luatex.def Info: photos/1.png  used on input line 92.
(luatex.def)             Requested size: 302.13583pt x 226.59306pt.
<photos/2.png, id=2, 1284.8pt x 963.6pt>
File: photos/2.png Graphic file (type png)
<use photos/2.png>
Package luatex.def Info: photos/2.png  used on input line 92.
(luatex.def)             Requested size: 302.13583pt x 226.59306pt.
! Undefined control sequence.
<argument> ...\vspace {2mm} \hspace {2mm} \raggedright \text 
                                                  {\small {\textcolor [rgb]{...
l.92                 }}
                     
The control sequence at the end of the top line
of your error message was never \def'ed. If you have
misspelled it (e.g., `\hobx'), type `I' and the correct
spelling (e.g., `I\hbox'). Otherwise just continue,
and I'll forget about whatever was undefined.


Overfull \hbox (2.9pt too wide) in paragraph at lines 92--92
[][] |[] 
 []

<../logo/gwp.png, id=3, 203.013pt x 63.072pt>
File: ../logo/gwp.png Graphic file (type png)
<use ../logo/gwp.png>
Package luatex.def Info: ../logo/gwp.png  used on input line 92.
(luatex.def)             Requested size: 210.64217pt x 65.44142pt.
LaTeX Font Info:    External font `cmex10' loaded for size
(Font)              <12> on input line 92.
LaTeX Font Info:    External font `cmex10' loaded for size
(Font)              <8> on input line 92.
LaTeX Font Info:    External font `cmex10' loaded for size
(Font)              <6> on input line 92.
! Undefined control sequence.
<argument> ...vspace {2mm} \hspace *{2mm} \raggedright \text 
                                                  {\small {\textcolor [rgb]{...
l.92                 }}
                     
The control sequence at the end of the top line
of your error message was never \def'ed. If you have
misspelled it (e.g., `\hobx'), type `I' and the correct
spelling (e.g., `I\hbox'). Otherwise just continue,
and I'll forget about whatever was undefined.

! Undefined control sequence.
<argument> ...\vspace {1mm} \hspace {2mm} \raggedright \text 
                                                  {\small {\textcolor [rgb]{...
l.92                 }}
                     
The control sequence at the end of the top line
of your error message was never \def'ed. If you have
misspelled it (e.g., `\hobx'), type `I' and the correct
spelling (e.g., `I\hbox'). Otherwise just continue,
and I'll forget about whatever was undefined.

! Undefined control sequence.
<argument> ...\vspace {1mm} \hspace {2mm} \raggedright \text 
                                                  {\small {\textcolor [rgb]{...
l.92                 }}
                     
The control sequence at the end of the top line
of your error message was never \def'ed. If you have
misspelled it (e.g., `\hobx'), type `I' and the correct
spelling (e.g., `I\hbox'). Otherwise just continue,
and I'll forget about whatever was undefined.


Overfull \hbox (0.79999pt too wide) in paragraph at lines 92--93
 [][] 
 []


LaTeX Warning: Float too large for page by 3.18654pt on input line 93.


LaTeX Warning: `h' float specifier changed to `ht'.

[1{/usr/local/texlive/2023/texmf-var/fonts/map/pdftex/updmap/pdftex.map}<./photo
s/1.png><./photos/2.png><../logo/gwp.png>]
<photos/3.png, id=12, 1284.8pt x 963.6pt>
File: photos/3.png Graphic file (type png)
<use photos/3.png>
Package luatex.def Info: photos/3.png  used on input line 169.
(luatex.def)             Requested size: 302.13583pt x 226.59306pt.
<photos/4.png, id=13, 1284.8pt x 963.6pt>
File: photos/4.png Graphic file (type png)
<use photos/4.png>
Package luatex.def Info: photos/4.png  used on input line 169.
(luatex.def)             Requested size: 302.13583pt x 226.59306pt.
! Undefined control sequence.
<argument> ...\vspace {2mm} \hspace {2mm} \raggedright \text 
                                                  {\small {\textcolor [rgb]{...
l.169                 }}
                      
The control sequence at the end of the top line
of your error message was never \def'ed. If you have
misspelled it (e.g., `\hobx'), type `I' and the correct
spelling (e.g., `I\hbox'). Otherwise just continue,
and I'll forget about whatever was undefined.


Overfull \hbox (2.9pt too wide) in paragraph at lines 169--169
[][] |[] 
 []

File: ../logo/gwp.png Graphic file (type png)
<use ../logo/gwp.png>
Package luatex.def Info: ../logo/gwp.png  used on input line 169.
(luatex.def)             Requested size: 210.64217pt x 65.44142pt.
! Undefined control sequence.
<argument> ...vspace {2mm} \hspace *{2mm} \raggedright \text 
                                                  {\small {\textcolor [rgb]{...
l.169                 }}
                      
The control sequence at the end of the top line
of your error message was never \def'ed. If you have
misspelled it (e.g., `\hobx'), type `I' and the correct
spelling (e.g., `I\hbox'). Otherwise just continue,
and I'll forget about whatever was undefined.

! Undefined control sequence.
<argument> ...\vspace {1mm} \hspace {2mm} \raggedright \text 
                                                  {\small {\textcolor [rgb]{...
l.169                 }}
                      
The control sequence at the end of the top line
of your error message was never \def'ed. If you have
misspelled it (e.g., `\hobx'), type `I' and the correct
spelling (e.g., `I\hbox'). Otherwise just continue,
and I'll forget about whatever was undefined.

! Undefined control sequence.
<argument> ...\vspace {1mm} \hspace {2mm} \raggedright \text 
                                                  {\small {\textcolor [rgb]{...
l.169                 }}
                      
The control sequence at the end of the top line
of your error message was never \def'ed. If you have
misspelled it (e.g., `\hobx'), type `I' and the correct
spelling (e.g., `I\hbox'). Otherwise just continue,
and I'll forget about whatever was undefined.


Overfull \hbox (0.79999pt too wide) in paragraph at lines 169--170
 [][] 
 []


LaTeX Warning: Float too large for page by 3.18654pt on input line 170.


LaTeX Warning: `h' float specifier changed to `ht'.

[2<./photos/3.png><./photos/4.png>]
<photos/5.png, id=17, 1284.8pt x 963.6pt>
File: photos/5.png Graphic file (type png)
<use photos/5.png>
Package luatex.def Info: photos/5.png  used on input line 246.
(luatex.def)             Requested size: 302.13583pt x 226.59306pt.
<photos/6.png, id=18, 1284.8pt x 963.6pt>
File: photos/6.png Graphic file (type png)
<use photos/6.png>
Package luatex.def Info: photos/6.png  used on input line 246.
(luatex.def)             Requested size: 302.13583pt x 226.59306pt.
! Undefined control sequence.
<argument> ...\vspace {2mm} \hspace {2mm} \raggedright \text 
                                                  {\small {\textcolor [rgb]{...
l.246                 }}
                      
The control sequence at the end of the top line
of your error message was never \def'ed. If you have
misspelled it (e.g., `\hobx'), type `I' and the correct
spelling (e.g., `I\hbox'). Otherwise just continue,
and I'll forget about whatever was undefined.


Overfull \hbox (2.9pt too wide) in paragraph at lines 246--246
[][] |[] 
 []

File: ../logo/gwp.png Graphic file (type png)
<use ../logo/gwp.png>
Package luatex.def Info: ../logo/gwp.png  used on input line 246.
(luatex.def)             Requested size: 210.64217pt x 65.44142pt.
! Undefined control sequence.
<argument> ...vspace {2mm} \hspace *{2mm} \raggedright \text 
                                                  {\small {\textcolor [rgb]{...
l.246                 }}
                      
The control sequence at the end of the top line
of your error message was never \def'ed. If you have
misspelled it (e.g., `\hobx'), type `I' and the correct
spelling (e.g., `I\hbox'). Otherwise just continue,
and I'll forget about whatever was undefined.

! Undefined control sequence.
<argument> ...\vspace {1mm} \hspace {2mm} \raggedright \text 
                                                  {\small {\textcolor [rgb]{...
l.246                 }}
                      
The control sequence at the end of the top line
of your error message was never \def'ed. If you have
misspelled it (e.g., `\hobx'), type `I' and the correct
spelling (e.g., `I\hbox'). Otherwise just continue,
and I'll forget about whatever was undefined.

! Undefined control sequence.
<argument> ...\vspace {1mm} \hspace {2mm} \raggedright \text 
                                                  {\small {\textcolor [rgb]{...
l.246                 }}
                      
The control sequence at the end of the top line
of your error message was never \def'ed. If you have
misspelled it (e.g., `\hobx'), type `I' and the correct
spelling (e.g., `I\hbox'). Otherwise just continue,
and I'll forget about whatever was undefined.


Overfull \hbox (0.79999pt too wide) in paragraph at lines 246--247
 [][] 
 []


LaTeX Warning: Float too large for page by 3.18654pt on input line 247.


LaTeX Warning: `h' float specifier changed to `ht'.

[3<./photos/5.png><./photos/6.png>]
<photos/7.png, id=22, 1284.8pt x 963.6pt>
File: photos/7.png Graphic file (type png)
<use photos/7.png>
Package luatex.def Info: photos/7.png  used on input line 323.
(luatex.def)             Requested size: 302.13583pt x 226.59306pt.
<photos/8.png, id=23, 1284.8pt x 963.6pt>
File: photos/8.png Graphic file (type png)
<use photos/8.png>
Package luatex.def Info: photos/8.png  used on input line 323.
(luatex.def)             Requested size: 302.13583pt x 226.59306pt.
! Undefined control sequence.
<argument> ...\vspace {2mm} \hspace {2mm} \raggedright \text 
                                                  {\small {\textcolor [rgb]{...
l.323                 }}
                      
The control sequence at the end of the top line
of your error message was never \def'ed. If you have
misspelled it (e.g., `\hobx'), type `I' and the correct
spelling (e.g., `I\hbox'). Otherwise just continue,
and I'll forget about whatever was undefined.


Overfull \hbox (2.9pt too wide) in paragraph at lines 323--323
[][] |[] 
 []

File: ../logo/gwp.png Graphic file (type png)
<use ../logo/gwp.png>
Package luatex.def Info: ../logo/gwp.png  used on input line 323.
(luatex.def)             Requested size: 210.64217pt x 65.44142pt.
! Undefined control sequence.
<argument> ...vspace {2mm} \hspace *{2mm} \raggedright \text 
                                                  {\small {\textcolor [rgb]{...
l.323                 }}
                      
The control sequence at the end of the top line
of your error message was never \def'ed. If you have
misspelled it (e.g., `\hobx'), type `I' and the correct
spelling (e.g., `I\hbox'). Otherwise just continue,
and I'll forget about whatever was undefined.

! Undefined control sequence.
<argument> ...\vspace {1mm} \hspace {2mm} \raggedright \text 
                                                  {\small {\textcolor [rgb]{...
l.323                 }}
                      
The control sequence at the end of the top line
of your error message was never \def'ed. If you have
misspelled it (e.g., `\hobx'), type `I' and the correct
spelling (e.g., `I\hbox'). Otherwise just continue,
and I'll forget about whatever was undefined.

! Undefined control sequence.
<argument> ...\vspace {1mm} \hspace {2mm} \raggedright \text 
                                                  {\small {\textcolor [rgb]{...
l.323                 }}
                      
The control sequence at the end of the top line
of your error message was never \def'ed. If you have
misspelled it (e.g., `\hobx'), type `I' and the correct
spelling (e.g., `I\hbox'). Otherwise just continue,
and I'll forget about whatever was undefined.


Overfull \hbox (0.79999pt too wide) in paragraph at lines 323--324
 [][] 
 []


LaTeX Warning: Float too large for page by 3.18654pt on input line 324.


LaTeX Warning: `h' float specifier changed to `ht'.

[4<./photos/7.png><./photos/8.png>]
<photos/9.png, id=27, 1284.8pt x 963.6pt>
File: photos/9.png Graphic file (type png)
<use photos/9.png>
Package luatex.def Info: photos/9.png  used on input line 400.
(luatex.def)             Requested size: 302.13583pt x 226.59306pt.
<photos/10.png, id=28, 1284.8pt x 963.6pt>
File: photos/10.png Graphic file (type png)
<use photos/10.png>
Package luatex.def Info: photos/10.png  used on input line 400.
(luatex.def)             Requested size: 302.13583pt x 226.59306pt.
! Undefined control sequence.
<argument> ...\vspace {2mm} \hspace {2mm} \raggedright \text 
                                                  {\small {\textcolor [rgb]{...
l.400                 }}
                      
The control sequence at the end of the top line
of your error message was never \def'ed. If you have
misspelled it (e.g., `\hobx'), type `I' and the correct
spelling (e.g., `I\hbox'). Otherwise just continue,
and I'll forget about whatever was undefined.


Overfull \hbox (2.9pt too wide) in paragraph at lines 400--400
[][] |[] 
 []

File: ../logo/gwp.png Graphic file (type png)
<use ../logo/gwp.png>
Package luatex.def Info: ../logo/gwp.png  used on input line 400.
(luatex.def)             Requested size: 210.64217pt x 65.44142pt.
! Undefined control sequence.
<argument> ...vspace {2mm} \hspace *{2mm} \raggedright \text 
                                                  {\small {\textcolor [rgb]{...
l.400                 }}
                      
The control sequence at the end of the top line
of your error message was never \def'ed. If you have
misspelled it (e.g., `\hobx'), type `I' and the correct
spelling (e.g., `I\hbox'). Otherwise just continue,
and I'll forget about whatever was undefined.

! Undefined control sequence.
<argument> ...\vspace {1mm} \hspace {2mm} \raggedright \text 
                                                  {\small {\textcolor [rgb]{...
l.400                 }}
                      
The control sequence at the end of the top line
of your error message was never \def'ed. If you have
misspelled it (e.g., `\hobx'), type `I' and the correct
spelling (e.g., `I\hbox'). Otherwise just continue,
and I'll forget about whatever was undefined.

! Undefined control sequence.
<argument> ...\vspace {1mm} \hspace {2mm} \raggedright \text 
                                                  {\small {\textcolor [rgb]{...
l.400                 }}
                      
The control sequence at the end of the top line
of your error message was never \def'ed. If you have
misspelled it (e.g., `\hobx'), type `I' and the correct
spelling (e.g., `I\hbox'). Otherwise just continue,
and I'll forget about whatever was undefined.


Overfull \hbox (0.79999pt too wide) in paragraph at lines 400--401
 [][] 
 []


LaTeX Warning: Float too large for page by 3.18654pt on input line 401.


LaTeX Warning: `h' float specifier changed to `ht'.

[5<./photos/9.png><./photos/10.png>]
<photos/11.png, id=32, 1284.8pt x 963.6pt>
File: photos/11.png Graphic file (type png)
<use photos/11.png>
Package luatex.def Info: photos/11.png  used on input line 477.
(luatex.def)             Requested size: 302.13583pt x 226.59306pt.
<photos/12.png, id=33, 1284.8pt x 963.6pt>
File: photos/12.png Graphic file (type png)
<use photos/12.png>
Package luatex.def Info: photos/12.png  used on input line 477.
(luatex.def)             Requested size: 302.13583pt x 226.59306pt.
! Undefined control sequence.
<argument> ...\vspace {2mm} \hspace {2mm} \raggedright \text 
                                                  {\small {\textcolor [rgb]{...
l.477                 }}
                      
The control sequence at the end of the top line
of your error message was never \def'ed. If you have
misspelled it (e.g., `\hobx'), type `I' and the correct
spelling (e.g., `I\hbox'). Otherwise just continue,
and I'll forget about whatever was undefined.


Overfull \hbox (2.9pt too wide) in paragraph at lines 477--477
[][] |[] 
 []

File: ../logo/gwp.png Graphic file (type png)
<use ../logo/gwp.png>
Package luatex.def Info: ../logo/gwp.png  used on input line 477.
(luatex.def)             Requested size: 210.64217pt x 65.44142pt.
! Undefined control sequence.
<argument> ...vspace {2mm} \hspace *{2mm} \raggedright \text 
                                                  {\small {\textcolor [rgb]{...
l.477                 }}
                      
The control sequence at the end of the top line
of your error message was never \def'ed. If you have
misspelled it (e.g., `\hobx'), type `I' and the correct
spelling (e.g., `I\hbox'). Otherwise just continue,
and I'll forget about whatever was undefined.

! Undefined control sequence.
<argument> ...\vspace {1mm} \hspace {2mm} \raggedright \text 
                                                  {\small {\textcolor [rgb]{...
l.477                 }}
                      
The control sequence at the end of the top line
of your error message was never \def'ed. If you have
misspelled it (e.g., `\hobx'), type `I' and the correct
spelling (e.g., `I\hbox'). Otherwise just continue,
and I'll forget about whatever was undefined.

! Undefined control sequence.
<argument> ...\vspace {1mm} \hspace {2mm} \raggedright \text 
                                                  {\small {\textcolor [rgb]{...
l.477                 }}
                      
The control sequence at the end of the top line
of your error message was never \def'ed. If you have
misspelled it (e.g., `\hobx'), type `I' and the correct
spelling (e.g., `I\hbox'). Otherwise just continue,
and I'll forget about whatever was undefined.


Overfull \hbox (0.79999pt too wide) in paragraph at lines 477--478
 [][] 
 []


LaTeX Warning: `h' float specifier changed to `ht'.

[6<./photos/11.png><./photos/12.png>]
<photos/13.png, id=37, 1284.8pt x 963.6pt>
File: photos/13.png Graphic file (type png)
<use photos/13.png>
Package luatex.def Info: photos/13.png  used on input line 554.
(luatex.def)             Requested size: 302.13583pt x 226.59306pt.
File: photos/13.png Graphic file (type png)
<use photos/13.png>
Package luatex.def Info: photos/13.png  used on input line 554.
(luatex.def)             Requested size: 302.13583pt x 226.59306pt.
! Undefined control sequence.
<argument> ...\vspace {2mm} \hspace {2mm} \raggedright \text 
                                                  {\small {\textcolor [rgb]{...
l.554                 }}
                      
The control sequence at the end of the top line
of your error message was never \def'ed. If you have
misspelled it (e.g., `\hobx'), type `I' and the correct
spelling (e.g., `I\hbox'). Otherwise just continue,
and I'll forget about whatever was undefined.


Overfull \hbox (2.9pt too wide) in paragraph at lines 554--554
[][] |[] 
 []

File: ../logo/gwp.png Graphic file (type png)
<use ../logo/gwp.png>
Package luatex.def Info: ../logo/gwp.png  used on input line 554.
(luatex.def)             Requested size: 210.64217pt x 65.44142pt.
! Undefined control sequence.
<argument> ...vspace {2mm} \hspace *{2mm} \raggedright \text 
                                                  {\small {\textcolor [rgb]{...
l.554                 }}
                      
The control sequence at the end of the top line
of your error message was never \def'ed. If you have
misspelled it (e.g., `\hobx'), type `I' and the correct
spelling (e.g., `I\hbox'). Otherwise just continue,
and I'll forget about whatever was undefined.

! Undefined control sequence.
<argument> ...\vspace {1mm} \hspace {2mm} \raggedright \text 
                                                  {\small {\textcolor [rgb]{...
l.554                 }}
                      
The control sequence at the end of the top line
of your error message was never \def'ed. If you have
misspelled it (e.g., `\hobx'), type `I' and the correct
spelling (e.g., `I\hbox'). Otherwise just continue,
and I'll forget about whatever was undefined.

! Undefined control sequence.
<argument> ...\vspace {1mm} \hspace {2mm} \raggedright \text 
                                                  {\small {\textcolor [rgb]{...
l.554                 }}
                      
The control sequence at the end of the top line
of your error message was never \def'ed. If you have
misspelled it (e.g., `\hobx'), type `I' and the correct
spelling (e.g., `I\hbox'). Otherwise just continue,
and I'll forget about whatever was undefined.


Overfull \hbox (0.79999pt too wide) in paragraph at lines 554--555
 [][] 
 []


LaTeX Warning: Float too large for page by 3.18654pt on input line 555.


LaTeX Warning: `h' float specifier changed to `ht'.

[7<./photos/13.png>] (./output.aux))

Here is how much of LuaTeX's memory you used:
 7194 strings out of 478285
 100000,1977958 words of node,token memory allocated
 470 words of node memory still in use:
   3 hlist, 1 vlist, 1 rule, 2 glue, 3 kern, 1 glyph, 13 attribute, 48 glue_spec
, 13 attribute_list, 9 write, 1 pdf_colorstack nodes
   avail lists: 2:319,3:102,4:40,5:91,6:52,7:721,8:1,9:276,10:4,11:12
 27059 multiletter control sequences out of 65536+600000
 39 fonts using 8555375 bytes
 72i,14n,79p,360b,575s stack positions out of 10000i,1000n,20000p,200000b,200000s
</System/Library/Fonts/Supplemental/Tahoma Bold.ttf></System/Library/Fonts/Suppl
emental/Tahoma.ttf>
Output written on output.pdf (7 pages, 12286405 bytes).

PDF statistics: 55 PDF objects out of 1000 (max. 8388607)
 24 compressed objects within 1 object stream
 0 named destinations out of 1000 (max. 131072)
 1 words of extra memory for PDF output out of 10000 (max. 100000000)

